<?xml version="1.0" encoding="UTF-8"?>
<!-- Generated by org.testng.reporters.JUnitReportReporter -->
<testsuite hostname="DESKTOP-2TTEA4F" failures="0" tests="1" name="testScript.Login" time="14.006" errors="0" timestamp="2024-11-28T13:47:45 IST" skipped="0">
  <testcase classname="testScript.Login" name="loginTest1" time="14.006"/>
</testsuite> <!-- testScript.Login -->
