<?xml version="1.0" encoding="UTF-8"?>
<!-- Generated by org.testng.reporters.JUnitReportReporter -->
<testsuite hostname="DESKTOP-2TTEA4F" failures="0" tests="1" name="testScript.SubCategoryTest" time="24.250" errors="0" timestamp="2024-12-03T13:58:39 IST" skipped="0">
  <testcase classname="testScript.SubCategoryTest" name="SubCategory" time="24.250"/>
</testsuite> <!-- testScript.SubCategoryTest -->
