<?xml version="1.0" encoding="UTF-8"?>
<!-- Generated by org.testng.reporters.JUnitReportReporter -->
<testsuite hostname="DESKTOP-2TTEA4F" failures="0" tests="1" name="testScript.LoginTest" time="23.887" errors="0" timestamp="2024-12-10T12:31:57 IST" skipped="0">
  <testcase classname="testScript.LoginTest" name="verifyLoginWithValidCredentials" time="23.887"/>
</testsuite> <!-- testScript.LoginTest -->
