<?xml version="1.0" encoding="UTF-8"?>
<!-- Generated by org.testng.reporters.JUnitReportReporter -->
<testsuite hostname="DESKTOP-2TTEA4F" failures="0" tests="1" name="testScript.ManageNewsTest" time="10.137" errors="0" timestamp="2024-11-29T19:25:46 IST" skipped="0">
  <testcase classname="testScript.ManageNewsTest" name="manageNews" time="10.137"/>
</testsuite> <!-- testScript.ManageNewsTest -->
